# JRE version: OpenJDK Runtime Environment (21.0.8) (build 21.0.8+-14196175-b1038.72)
# Java VM: OpenJDK 64-Bit Server VM (21.0.8+-14196175-b1038.72, mixed mode, tiered, compressed oops, compressed class ptrs, g1 gc, windows-amd64)
GC Precious Log:
 CardTable entry size: 512
 Card Set container configuration: InlinePtr #cards 5 size 8 Array Of Cards #cards 12 size 40 Howl #buckets 4 coarsen threshold 1843 Howl Bitmap #cards 512 size 80 coarsen threshold 460 Card regions per heap region 1 cards per card region 2048
 CPUs: 4 total, 4 available
 Memory: 8147M
 Large Page Support: Disabled
 NUMA Support: Disabled
 Compressed Oops: Enabled (32-bit)
 Heap Region Size: 1M
 Heap Min Capacity: 8M
 Heap Initial Capacity: 128M
 Heap Max Capacity: 1536M
 Pre-touch: Disabled
 Parallel Workers: 4
 Concurrent Workers: 1
 Concurrent Refinement Workers: 4
 Periodic GC: Disabled
Heap:
 garbage-first heap   total 75776K, used 65341K [0x00000000a0000000, 0x0000000100000000)
  region size 1024K, 27 young (27648K), 4 survivors (4096K)
 Metaspace       used 62515K, committed 63936K, reserved 1114112K
  class space    used 8761K, committed 9472K, reserved 1048576K
GC Heap History (20 events):
Event: 8.895 GC heap after
{Heap after GC invocations=7 (full 0):
 garbage-first heap   total 71680K, used 24958K [0x00000000a0000000, 0x0000000100000000)
  region size 1024K, 5 young (5120K), 5 survivors (5120K)
 Metaspace       used 32943K, committed 33600K, reserved 1114112K
  class space    used 4474K, committed 4800K, reserved 1048576K
}
Event: 9.309 GC heap before
{Heap before GC invocations=7 (full 0):
 garbage-first heap   total 71680K, used 40318K [0x00000000a0000000, 0x0000000100000000)
  region size 1024K, 21 young (21504K), 5 survivors (5120K)
 Metaspace       used 35127K, committed 35968K, reserved 1114112K
  class space    used 4870K, committed 5248K, reserved 1048576K
}
Event: 9.314 GC heap after
{Heap after GC invocations=8 (full 0):
 garbage-first heap   total 71680K, used 26059K [0x00000000a0000000, 0x0000000100000000)
  region size 1024K, 1 young (1024K), 1 survivors (1024K)
 Metaspace       used 35127K, committed 35968K, reserved 1114112K
  class space    used 4870K, committed 5248K, reserved 1048576K
}
Event: 10.130 GC heap before
{Heap before GC invocations=9 (full 0):
 garbage-first heap   total 71680K, used 59851K [0x00000000a0000000, 0x0000000100000000)
  region size 1024K, 35 young (35840K), 1 survivors (1024K)
 Metaspace       used 40997K, committed 41856K, reserved 1114112K
  class space    used 5670K, committed 6080K, reserved 1048576K
}
Event: 10.134 GC heap after
{Heap after GC invocations=10 (full 0):
 garbage-first heap   total 71680K, used 28440K [0x00000000a0000000, 0x0000000100000000)
  region size 1024K, 4 young (4096K), 4 survivors (4096K)
 Metaspace       used 40997K, committed 41856K, reserved 1114112K
  class space    used 5670K, committed 6080K, reserved 1048576K
}
Event: 10.468 GC heap before
{Heap before GC invocations=10 (full 0):
 garbage-first heap   total 71680K, used 60184K [0x00000000a0000000, 0x0000000100000000)
  region size 1024K, 35 young (35840K), 4 survivors (4096K)
 Metaspace       used 43430K, committed 44288K, reserved 1114112K
  class space    used 6071K, committed 6464K, reserved 1048576K
}
Event: 10.473 GC heap after
{Heap after GC invocations=11 (full 0):
 garbage-first heap   total 71680K, used 29351K [0x00000000a0000000, 0x0000000100000000)
  region size 1024K, 4 young (4096K), 4 survivors (4096K)
 Metaspace       used 43430K, committed 44288K, reserved 1114112K
  class space    used 6071K, committed 6464K, reserved 1048576K
}
Event: 10.756 GC heap before
{Heap before GC invocations=11 (full 0):
 garbage-first heap   total 71680K, used 62119K [0x00000000a0000000, 0x0000000100000000)
  region size 1024K, 36 young (36864K), 4 survivors (4096K)
 Metaspace       used 44314K, committed 45120K, reserved 1114112K
  class space    used 6173K, committed 6528K, reserved 1048576K
}
Event: 10.760 GC heap after
{Heap after GC invocations=12 (full 0):
 garbage-first heap   total 71680K, used 31119K [0x00000000a0000000, 0x0000000100000000)
  region size 1024K, 4 young (4096K), 4 survivors (4096K)
 Metaspace       used 44314K, committed 45120K, reserved 1114112K
  class space    used 6173K, committed 6528K, reserved 1048576K
}
Event: 11.416 GC heap before
{Heap before GC invocations=12 (full 0):
 garbage-first heap   total 71680K, used 62863K [0x00000000a0000000, 0x0000000100000000)
  region size 1024K, 35 young (35840K), 4 survivors (4096K)
 Metaspace       used 46716K, committed 47616K, reserved 1114112K
  class space    used 6521K, committed 6976K, reserved 1048576K
}
Event: 11.422 GC heap after
{Heap after GC invocations=13 (full 0):
 garbage-first heap   total 71680K, used 32967K [0x00000000a0000000, 0x0000000100000000)
  region size 1024K, 4 young (4096K), 4 survivors (4096K)
 Metaspace       used 46716K, committed 47616K, reserved 1114112K
  class space    used 6521K, committed 6976K, reserved 1048576K
}
Event: 12.024 GC heap before
{Heap before GC invocations=13 (full 0):
 garbage-first heap   total 71680K, used 62663K [0x00000000a0000000, 0x0000000100000000)
  region size 1024K, 33 young (33792K), 4 survivors (4096K)
 Metaspace       used 51854K, committed 52800K, reserved 1114112K
  class space    used 7094K, committed 7552K, reserved 1048576K
}
Event: 12.030 GC heap after
{Heap after GC invocations=14 (full 0):
 garbage-first heap   total 71680K, used 36192K [0x00000000a0000000, 0x0000000100000000)
  region size 1024K, 5 young (5120K), 5 survivors (5120K)
 Metaspace       used 51854K, committed 52800K, reserved 1114112K
  class space    used 7094K, committed 7552K, reserved 1048576K
}
Event: 12.349 GC heap before
{Heap before GC invocations=14 (full 0):
 garbage-first heap   total 71680K, used 53600K [0x00000000a0000000, 0x0000000100000000)
  region size 1024K, 24 young (24576K), 5 survivors (5120K)
 Metaspace       used 54037K, committed 55040K, reserved 1114112K
  class space    used 7417K, committed 7936K, reserved 1048576K
}
Event: 12.356 GC heap after
{Heap after GC invocations=15 (full 0):
 garbage-first heap   total 71680K, used 39039K [0x00000000a0000000, 0x0000000100000000)
  region size 1024K, 3 young (3072K), 3 survivors (3072K)
 Metaspace       used 54037K, committed 55040K, reserved 1114112K
  class space    used 7417K, committed 7936K, reserved 1048576K
}
Event: 12.795 GC heap before
{Heap before GC invocations=16 (full 0):
 garbage-first heap   total 75776K, used 66687K [0x00000000a0000000, 0x0000000100000000)
  region size 1024K, 26 young (26624K), 3 survivors (3072K)
 Metaspace       used 56970K, committed 58112K, reserved 1114112K
  class space    used 7822K, committed 8384K, reserved 1048576K
}
Event: 12.798 GC heap after
{Heap after GC invocations=17 (full 0):
 garbage-first heap   total 75776K, used 40565K [0x00000000a0000000, 0x0000000100000000)
  region size 1024K, 3 young (3072K), 3 survivors (3072K)
 Metaspace       used 56970K, committed 58112K, reserved 1114112K
  class space    used 7822K, committed 8384K, reserved 1048576K
}
Event: 13.098 GC heap before
{Heap before GC invocations=17 (full 0):
 garbage-first heap   total 75776K, used 66165K [0x00000000a0000000, 0x0000000100000000)
  region size 1024K, 28 young (28672K), 3 survivors (3072K)
 Metaspace       used 59896K, committed 61248K, reserved 1114112K
  class space    used 8328K, committed 8960K, reserved 1048576K
}
Event: 13.103 GC heap after
{Heap after GC invocations=18 (full 0):
 garbage-first heap   total 75776K, used 41920K [0x00000000a0000000, 0x0000000100000000)
  region size 1024K, 2 young (2048K), 2 survivors (2048K)
 Metaspace       used 59896K, committed 61248K, reserved 1114112K
  class space    used 8328K, committed 8960K, reserved 1048576K
}
Event: 13.413 GC heap before
{Heap before GC invocations=18 (full 0):
 garbage-first heap   total 75776K, used 63424K [0x00000000a0000000, 0x0000000100000000)
  region size 1024K, 25 young (25600K), 2 survivors (2048K)
 Metaspace       used 62515K, committed 63936K, reserved 1114112K
  class space    used 8761K, committed 9472K, reserved 1048576K
}

